2025-08-24 22:27:32,980 silver-aspire-f5-573g /usr/lib/jvm/java-17-openjdk-amd64/bin/java[36511] DEBUG [org.hib.SQL] (JPA Startup Thread: <default>) drop table if exists parcela cascade 
2025-08-24 22:27:32,983 silver-aspire-f5-573g /usr/lib/jvm/java-17-openjdk-amd64/bin/java[36511] DEBUG [org.hib.SQL] (JPA Startup Thread: <default>) drop table if exists resultado_simulacao cascade 
2025-08-24 22:27:32,985 silver-aspire-f5-573g /usr/lib/jvm/java-17-openjdk-amd64/bin/java[36511] DEBUG [org.hib.SQL] (JPA Startup Thread: <default>) drop table if exists simulacao cascade 
2025-08-24 22:27:32,988 silver-aspire-f5-573g /usr/lib/jvm/java-17-openjdk-amd64/bin/java[36511] DEBUG [org.hib.SQL] (JPA Startup Thread: <default>) create table parcela (valorAmortizacao numeric(18,2) not null, valorJuros numeric(18,2) not null, valorPrestacao numeric(18,2) not null, id bigint generated by default as identity, numero bigint not null, resultado_simulacao_id bigint, primary key (id))
2025-08-24 22:27:32,990 silver-aspire-f5-573g /usr/lib/jvm/java-17-openjdk-amd64/bin/java[36511] DEBUG [org.hib.SQL] (JPA Startup Thread: <default>) create table resultado_simulacao (taxaMediaJuros numeric(10,4), valorMedioPrestacao numeric(18,2), valorTotalCredito numeric(18,2), valorTotalDesejado numeric(18,2), id bigint generated by default as identity, simulacao_id bigint, tipo enum ('PRICE','SAC') not null, primary key (id))
2025-08-24 22:27:32,994 silver-aspire-f5-573g /usr/lib/jvm/java-17-openjdk-amd64/bin/java[36511] DEBUG [org.hib.SQL] (JPA Startup Thread: <default>) create table simulacao (taxaMediaJuros numeric(10,4), valorDesejado numeric(18,2) not null, valorMedioPrestacao numeric(18,2), valorTotalCredito numeric(18,2), valorTotalDesejado numeric(18,2), dataSimulacao timestamp(6) not null, id bigint generated by default as identity, prazo bigint not null, primary key (id))
2025-08-24 22:27:32,997 silver-aspire-f5-573g /usr/lib/jvm/java-17-openjdk-amd64/bin/java[36511] DEBUG [org.hib.SQL] (JPA Startup Thread: <default>) alter table if exists parcela add constraint FK9wi92sjbxcv741a0eip840c9g foreign key (resultado_simulacao_id) references resultado_simulacao
2025-08-24 22:27:33,004 silver-aspire-f5-573g /usr/lib/jvm/java-17-openjdk-amd64/bin/java[36511] DEBUG [org.hib.SQL] (JPA Startup Thread: <default>) alter table if exists resultado_simulacao add constraint FK5qmkgq2er31aj9uo2i2jvhi2y foreign key (simulacao_id) references simulacao
2025-08-24 22:27:33,011 silver-aspire-f5-573g /usr/lib/jvm/java-17-openjdk-amd64/bin/java[36511] DEBUG [org.hib.SQL] (JPA Startup Thread: <default>) INSERT INTO PRODUTO (CO_PRODUTO, NO_PRODUTO, PC_TAXA_JUROS, NU_MINIMO_MESES, NU_MAXIMO_MESES, VR_MINIMO, VR_MAXIMO) VALUES (1, 'Produto 1', 0.017900000, 0, 24, 200.00, 10000.00)
2025-08-24 22:27:33,012 silver-aspire-f5-573g /usr/lib/jvm/java-17-openjdk-amd64/bin/java[36511] WARN  [org.hib.too.sch.int.ExceptionHandlerLoggedImpl] (JPA Startup Thread: <default>) GenerationTarget encountered exception accepting command : Error executing DDL "INSERT INTO PRODUTO (CO_PRODUTO, NO_PRODUTO, PC_TAXA_JUROS, NU_MINIMO_MESES, NU_MAXIMO_MESES, VR_MINIMO, VR_MAXIMO) VALUES (1, 'Produto 1', 0.017900000, 0, 24, 200.00, 10000.00)" via JDBC [Table "PRODUTO" not found;]: org.hibernate.tool.schema.spi.CommandAcceptanceException: Error executing DDL "INSERT INTO PRODUTO (CO_PRODUTO, NO_PRODUTO, PC_TAXA_JUROS, NU_MINIMO_MESES, NU_MAXIMO_MESES, VR_MINIMO, VR_MAXIMO) VALUES (1, 'Produto 1', 0.017900000, 0, 24, 200.00, 10000.00)" via JDBC [Table "PRODUTO" not found;]
	at org.hibernate.tool.schema.internal.exec.GenerationTargetToDatabase.accept(GenerationTargetToDatabase.java:93)
	at org.hibernate.tool.schema.internal.Helper.applySqlString(Helper.java:221)
	at org.hibernate.tool.schema.internal.Helper.applyScript(Helper.java:244)
	at org.hibernate.tool.schema.internal.AbstractSchemaPopulator.applyImportFiles(AbstractSchemaPopulator.java:150)
	at org.hibernate.tool.schema.internal.AbstractSchemaPopulator.applyImportSources(AbstractSchemaPopulator.java:58)
	at org.hibernate.tool.schema.internal.SchemaCreatorImpl.performCreation(SchemaCreatorImpl.java:172)
	at org.hibernate.tool.schema.internal.SchemaCreatorImpl.doCreation(SchemaCreatorImpl.java:130)
	at org.hibernate.tool.schema.internal.SchemaCreatorImpl.doCreation(SchemaCreatorImpl.java:106)
	at org.hibernate.tool.schema.spi.SchemaManagementToolCoordinator.performDatabaseAction(SchemaManagementToolCoordinator.java:237)
	at org.hibernate.tool.schema.spi.SchemaManagementToolCoordinator.lambda$process$5(SchemaManagementToolCoordinator.java:142)
	at java.base/java.util.HashMap.forEach(HashMap.java:1421)
	at org.hibernate.tool.schema.spi.SchemaManagementToolCoordinator.process(SchemaManagementToolCoordinator.java:139)
	at io.quarkus.hibernate.orm.runtime.observers.SessionFactoryObserverForSchemaExport.sessionFactoryCreated(SessionFactoryObserverForSchemaExport.java:21)
	at org.hibernate.internal.SessionFactoryObserverChain.sessionFactoryCreated(SessionFactoryObserverChain.java:33)
	at org.hibernate.internal.SessionFactoryImpl.<init>(SessionFactoryImpl.java:350)
	at io.quarkus.hibernate.orm.runtime.boot.FastBootEntityManagerFactoryBuilder.build(FastBootEntityManagerFactoryBuilder.java:97)
	at io.quarkus.hibernate.orm.runtime.FastBootHibernatePersistenceProvider.createEntityManagerFactory(FastBootHibernatePersistenceProvider.java:74)
	at jakarta.persistence.Persistence.createEntityManagerFactory(Persistence.java:90)
	at jakarta.persistence.Persistence.createEntityManagerFactory(Persistence.java:66)
	at io.quarkus.hibernate.orm.runtime.JPAConfig$LazyPersistenceUnit.get(JPAConfig.java:165)
	at io.quarkus.hibernate.orm.runtime.JPAConfig$1.run(JPAConfig.java:61)
	at java.base/java.lang.Thread.run(Thread.java:840)
Caused by: org.h2.jdbc.JdbcSQLSyntaxErrorException: Table "PRODUTO" not found; SQL statement:
INSERT INTO PRODUTO (CO_PRODUTO, NO_PRODUTO, PC_TAXA_JUROS, NU_MINIMO_MESES, NU_MAXIMO_MESES, VR_MINIMO, VR_MAXIMO) VALUES (1, 'Produto 1', 0.017900000, 0, 24, 200.00, 10000.00) [42102-230]
	at org.h2.message.DbException.getJdbcSQLException(DbException.java:514)
	at org.h2.message.DbException.getJdbcSQLException(DbException.java:489)
	at org.h2.message.DbException.get(DbException.java:223)
	at org.h2.message.DbException.get(DbException.java:199)
	at org.h2.command.Parser.getTableOrViewNotFoundDbException(Parser.java:7944)
	at org.h2.command.Parser.getTableOrViewNotFoundDbException(Parser.java:7915)
	at org.h2.command.Parser.readTableOrView(Parser.java:7894)
	at org.h2.command.Parser.readTableOrView(Parser.java:7856)
	at org.h2.command.Parser.parseInsert(Parser.java:1520)
	at org.h2.command.Parser.parsePrepared(Parser.java:697)
	at org.h2.command.Parser.parse(Parser.java:580)
	at org.h2.command.Parser.parse(Parser.java:555)
	at org.h2.command.Parser.prepareCommand(Parser.java:484)
	at org.h2.engine.SessionLocal.prepareLocal(SessionLocal.java:644)
	at org.h2.engine.SessionLocal.prepareCommand(SessionLocal.java:560)
	at org.h2.jdbc.JdbcConnection.prepareCommand(JdbcConnection.java:1164)
	at org.h2.jdbc.JdbcStatement.executeInternal(JdbcStatement.java:245)
	at org.h2.jdbc.JdbcStatement.execute(JdbcStatement.java:231)
	at io.agroal.pool.wrapper.StatementWrapper.execute(StatementWrapper.java:220)
	at org.hibernate.tool.schema.internal.exec.GenerationTargetToDatabase.accept(GenerationTargetToDatabase.java:79)
	... 21 more

2025-08-24 22:27:33,017 silver-aspire-f5-573g /usr/lib/jvm/java-17-openjdk-amd64/bin/java[36511] DEBUG [org.hib.SQL] (JPA Startup Thread: <default>) INSERT INTO PRODUTO (CO_PRODUTO, NO_PRODUTO, PC_TAXA_JUROS, NU_MINIMO_MESES, NU_MAXIMO_MESES, VR_MINIMO, VR_MAXIMO) VALUES (2, 'Produto 2', 0.017500000, 25, 48, 10001.00, 100000.00)
2025-08-24 22:27:33,017 silver-aspire-f5-573g /usr/lib/jvm/java-17-openjdk-amd64/bin/java[36511] WARN  [org.hib.too.sch.int.ExceptionHandlerLoggedImpl] (JPA Startup Thread: <default>) GenerationTarget encountered exception accepting command : Error executing DDL "INSERT INTO PRODUTO (CO_PRODUTO, NO_PRODUTO, PC_TAXA_JUROS, NU_MINIMO_MESES, NU_MAXIMO_MESES, VR_MINIMO, VR_MAXIMO) VALUES (2, 'Produto 2', 0.017500000, 25, 48, 10001.00, 100000.00)" via JDBC [Table "PRODUTO" not found;]: org.hibernate.tool.schema.spi.CommandAcceptanceException: Error executing DDL "INSERT INTO PRODUTO (CO_PRODUTO, NO_PRODUTO, PC_TAXA_JUROS, NU_MINIMO_MESES, NU_MAXIMO_MESES, VR_MINIMO, VR_MAXIMO) VALUES (2, 'Produto 2', 0.017500000, 25, 48, 10001.00, 100000.00)" via JDBC [Table "PRODUTO" not found;]
	at org.hibernate.tool.schema.internal.exec.GenerationTargetToDatabase.accept(GenerationTargetToDatabase.java:93)
	at org.hibernate.tool.schema.internal.Helper.applySqlString(Helper.java:221)
	at org.hibernate.tool.schema.internal.Helper.applyScript(Helper.java:244)
	at org.hibernate.tool.schema.internal.AbstractSchemaPopulator.applyImportFiles(AbstractSchemaPopulator.java:150)
	at org.hibernate.tool.schema.internal.AbstractSchemaPopulator.applyImportSources(AbstractSchemaPopulator.java:58)
	at org.hibernate.tool.schema.internal.SchemaCreatorImpl.performCreation(SchemaCreatorImpl.java:172)
	at org.hibernate.tool.schema.internal.SchemaCreatorImpl.doCreation(SchemaCreatorImpl.java:130)
	at org.hibernate.tool.schema.internal.SchemaCreatorImpl.doCreation(SchemaCreatorImpl.java:106)
	at org.hibernate.tool.schema.spi.SchemaManagementToolCoordinator.performDatabaseAction(SchemaManagementToolCoordinator.java:237)
	at org.hibernate.tool.schema.spi.SchemaManagementToolCoordinator.lambda$process$5(SchemaManagementToolCoordinator.java:142)
	at java.base/java.util.HashMap.forEach(HashMap.java:1421)
	at org.hibernate.tool.schema.spi.SchemaManagementToolCoordinator.process(SchemaManagementToolCoordinator.java:139)
	at io.quarkus.hibernate.orm.runtime.observers.SessionFactoryObserverForSchemaExport.sessionFactoryCreated(SessionFactoryObserverForSchemaExport.java:21)
	at org.hibernate.internal.SessionFactoryObserverChain.sessionFactoryCreated(SessionFactoryObserverChain.java:33)
	at org.hibernate.internal.SessionFactoryImpl.<init>(SessionFactoryImpl.java:350)
	at io.quarkus.hibernate.orm.runtime.boot.FastBootEntityManagerFactoryBuilder.build(FastBootEntityManagerFactoryBuilder.java:97)
	at io.quarkus.hibernate.orm.runtime.FastBootHibernatePersistenceProvider.createEntityManagerFactory(FastBootHibernatePersistenceProvider.java:74)
	at jakarta.persistence.Persistence.createEntityManagerFactory(Persistence.java:90)
	at jakarta.persistence.Persistence.createEntityManagerFactory(Persistence.java:66)
	at io.quarkus.hibernate.orm.runtime.JPAConfig$LazyPersistenceUnit.get(JPAConfig.java:165)
	at io.quarkus.hibernate.orm.runtime.JPAConfig$1.run(JPAConfig.java:61)
	at java.base/java.lang.Thread.run(Thread.java:840)
Caused by: org.h2.jdbc.JdbcSQLSyntaxErrorException: Table "PRODUTO" not found; SQL statement:
INSERT INTO PRODUTO (CO_PRODUTO, NO_PRODUTO, PC_TAXA_JUROS, NU_MINIMO_MESES, NU_MAXIMO_MESES, VR_MINIMO, VR_MAXIMO) VALUES (2, 'Produto 2', 0.017500000, 25, 48, 10001.00, 100000.00) [42102-230]
	at org.h2.message.DbException.getJdbcSQLException(DbException.java:514)
	at org.h2.message.DbException.getJdbcSQLException(DbException.java:489)
	at org.h2.message.DbException.get(DbException.java:223)
	at org.h2.message.DbException.get(DbException.java:199)
	at org.h2.command.Parser.getTableOrViewNotFoundDbException(Parser.java:7944)
	at org.h2.command.Parser.getTableOrViewNotFoundDbException(Parser.java:7915)
	at org.h2.command.Parser.readTableOrView(Parser.java:7894)
	at org.h2.command.Parser.readTableOrView(Parser.java:7856)
	at org.h2.command.Parser.parseInsert(Parser.java:1520)
	at org.h2.command.Parser.parsePrepared(Parser.java:697)
	at org.h2.command.Parser.parse(Parser.java:580)
	at org.h2.command.Parser.parse(Parser.java:555)
	at org.h2.command.Parser.prepareCommand(Parser.java:484)
	at org.h2.engine.SessionLocal.prepareLocal(SessionLocal.java:644)
	at org.h2.engine.SessionLocal.prepareCommand(SessionLocal.java:560)
	at org.h2.jdbc.JdbcConnection.prepareCommand(JdbcConnection.java:1164)
	at org.h2.jdbc.JdbcStatement.executeInternal(JdbcStatement.java:245)
	at org.h2.jdbc.JdbcStatement.execute(JdbcStatement.java:231)
	at io.agroal.pool.wrapper.StatementWrapper.execute(StatementWrapper.java:220)
	at org.hibernate.tool.schema.internal.exec.GenerationTargetToDatabase.accept(GenerationTargetToDatabase.java:79)
	... 21 more

2025-08-24 22:27:33,020 silver-aspire-f5-573g /usr/lib/jvm/java-17-openjdk-amd64/bin/java[36511] DEBUG [org.hib.SQL] (JPA Startup Thread: <default>) INSERT INTO PRODUTO (CO_PRODUTO, NO_PRODUTO, PC_TAXA_JUROS, NU_MINIMO_MESES, NU_MAXIMO_MESES, VR_MINIMO, VR_MAXIMO) VALUES (3, 'Produto 3', 0.018200000, 49, 96, 100000.01, 1000000.00)
2025-08-24 22:27:33,021 silver-aspire-f5-573g /usr/lib/jvm/java-17-openjdk-amd64/bin/java[36511] WARN  [org.hib.too.sch.int.ExceptionHandlerLoggedImpl] (JPA Startup Thread: <default>) GenerationTarget encountered exception accepting command : Error executing DDL "INSERT INTO PRODUTO (CO_PRODUTO, NO_PRODUTO, PC_TAXA_JUROS, NU_MINIMO_MESES, NU_MAXIMO_MESES, VR_MINIMO, VR_MAXIMO) VALUES (3, 'Produto 3', 0.018200000, 49, 96, 100000.01, 1000000.00)" via JDBC [Table "PRODUTO" not found;]: org.hibernate.tool.schema.spi.CommandAcceptanceException: Error executing DDL "INSERT INTO PRODUTO (CO_PRODUTO, NO_PRODUTO, PC_TAXA_JUROS, NU_MINIMO_MESES, NU_MAXIMO_MESES, VR_MINIMO, VR_MAXIMO) VALUES (3, 'Produto 3', 0.018200000, 49, 96, 100000.01, 1000000.00)" via JDBC [Table "PRODUTO" not found;]
	at org.hibernate.tool.schema.internal.exec.GenerationTargetToDatabase.accept(GenerationTargetToDatabase.java:93)
	at org.hibernate.tool.schema.internal.Helper.applySqlString(Helper.java:221)
	at org.hibernate.tool.schema.internal.Helper.applyScript(Helper.java:244)
	at org.hibernate.tool.schema.internal.AbstractSchemaPopulator.applyImportFiles(AbstractSchemaPopulator.java:150)
	at org.hibernate.tool.schema.internal.AbstractSchemaPopulator.applyImportSources(AbstractSchemaPopulator.java:58)
	at org.hibernate.tool.schema.internal.SchemaCreatorImpl.performCreation(SchemaCreatorImpl.java:172)
	at org.hibernate.tool.schema.internal.SchemaCreatorImpl.doCreation(SchemaCreatorImpl.java:130)
	at org.hibernate.tool.schema.internal.SchemaCreatorImpl.doCreation(SchemaCreatorImpl.java:106)
	at org.hibernate.tool.schema.spi.SchemaManagementToolCoordinator.performDatabaseAction(SchemaManagementToolCoordinator.java:237)
	at org.hibernate.tool.schema.spi.SchemaManagementToolCoordinator.lambda$process$5(SchemaManagementToolCoordinator.java:142)
	at java.base/java.util.HashMap.forEach(HashMap.java:1421)
	at org.hibernate.tool.schema.spi.SchemaManagementToolCoordinator.process(SchemaManagementToolCoordinator.java:139)
	at io.quarkus.hibernate.orm.runtime.observers.SessionFactoryObserverForSchemaExport.sessionFactoryCreated(SessionFactoryObserverForSchemaExport.java:21)
	at org.hibernate.internal.SessionFactoryObserverChain.sessionFactoryCreated(SessionFactoryObserverChain.java:33)
	at org.hibernate.internal.SessionFactoryImpl.<init>(SessionFactoryImpl.java:350)
	at io.quarkus.hibernate.orm.runtime.boot.FastBootEntityManagerFactoryBuilder.build(FastBootEntityManagerFactoryBuilder.java:97)
	at io.quarkus.hibernate.orm.runtime.FastBootHibernatePersistenceProvider.createEntityManagerFactory(FastBootHibernatePersistenceProvider.java:74)
	at jakarta.persistence.Persistence.createEntityManagerFactory(Persistence.java:90)
	at jakarta.persistence.Persistence.createEntityManagerFactory(Persistence.java:66)
	at io.quarkus.hibernate.orm.runtime.JPAConfig$LazyPersistenceUnit.get(JPAConfig.java:165)
	at io.quarkus.hibernate.orm.runtime.JPAConfig$1.run(JPAConfig.java:61)
	at java.base/java.lang.Thread.run(Thread.java:840)
Caused by: org.h2.jdbc.JdbcSQLSyntaxErrorException: Table "PRODUTO" not found; SQL statement:
INSERT INTO PRODUTO (CO_PRODUTO, NO_PRODUTO, PC_TAXA_JUROS, NU_MINIMO_MESES, NU_MAXIMO_MESES, VR_MINIMO, VR_MAXIMO) VALUES (3, 'Produto 3', 0.018200000, 49, 96, 100000.01, 1000000.00) [42102-230]
	at org.h2.message.DbException.getJdbcSQLException(DbException.java:514)
	at org.h2.message.DbException.getJdbcSQLException(DbException.java:489)
	at org.h2.message.DbException.get(DbException.java:223)
	at org.h2.message.DbException.get(DbException.java:199)
	at org.h2.command.Parser.getTableOrViewNotFoundDbException(Parser.java:7944)
	at org.h2.command.Parser.getTableOrViewNotFoundDbException(Parser.java:7915)
	at org.h2.command.Parser.readTableOrView(Parser.java:7894)
	at org.h2.command.Parser.readTableOrView(Parser.java:7856)
	at org.h2.command.Parser.parseInsert(Parser.java:1520)
	at org.h2.command.Parser.parsePrepared(Parser.java:697)
	at org.h2.command.Parser.parse(Parser.java:580)
	at org.h2.command.Parser.parse(Parser.java:555)
	at org.h2.command.Parser.prepareCommand(Parser.java:484)
	at org.h2.engine.SessionLocal.prepareLocal(SessionLocal.java:644)
	at org.h2.engine.SessionLocal.prepareCommand(SessionLocal.java:560)
	at org.h2.jdbc.JdbcConnection.prepareCommand(JdbcConnection.java:1164)
	at org.h2.jdbc.JdbcStatement.executeInternal(JdbcStatement.java:245)
	at org.h2.jdbc.JdbcStatement.execute(JdbcStatement.java:231)
	at io.agroal.pool.wrapper.StatementWrapper.execute(StatementWrapper.java:220)
	at org.hibernate.tool.schema.internal.exec.GenerationTargetToDatabase.accept(GenerationTargetToDatabase.java:79)
	... 21 more

2025-08-24 22:27:33,023 silver-aspire-f5-573g /usr/lib/jvm/java-17-openjdk-amd64/bin/java[36511] DEBUG [org.hib.SQL] (JPA Startup Thread: <default>) INSERT INTO PRODUTO (CO_PRODUTO, NO_PRODUTO, PC_TAXA_JUROS, NU_MINIMO_MESES, NU_MAXIMO_MESES, VR_MINIMO, VR_MAXIMO) VALUES (4, 'Produto 4', 0.015100000, 96, null, 1000000.01, null)
2025-08-24 22:27:33,024 silver-aspire-f5-573g /usr/lib/jvm/java-17-openjdk-amd64/bin/java[36511] WARN  [org.hib.too.sch.int.ExceptionHandlerLoggedImpl] (JPA Startup Thread: <default>) GenerationTarget encountered exception accepting command : Error executing DDL "INSERT INTO PRODUTO (CO_PRODUTO, NO_PRODUTO, PC_TAXA_JUROS, NU_MINIMO_MESES, NU_MAXIMO_MESES, VR_MINIMO, VR_MAXIMO) VALUES (4, 'Produto 4', 0.015100000, 96, null, 1000000.01, null)" via JDBC [Table "PRODUTO" not found;]: org.hibernate.tool.schema.spi.CommandAcceptanceException: Error executing DDL "INSERT INTO PRODUTO (CO_PRODUTO, NO_PRODUTO, PC_TAXA_JUROS, NU_MINIMO_MESES, NU_MAXIMO_MESES, VR_MINIMO, VR_MAXIMO) VALUES (4, 'Produto 4', 0.015100000, 96, null, 1000000.01, null)" via JDBC [Table "PRODUTO" not found;]
	at org.hibernate.tool.schema.internal.exec.GenerationTargetToDatabase.accept(GenerationTargetToDatabase.java:93)
	at org.hibernate.tool.schema.internal.Helper.applySqlString(Helper.java:221)
	at org.hibernate.tool.schema.internal.Helper.applyScript(Helper.java:244)
	at org.hibernate.tool.schema.internal.AbstractSchemaPopulator.applyImportFiles(AbstractSchemaPopulator.java:150)
	at org.hibernate.tool.schema.internal.AbstractSchemaPopulator.applyImportSources(AbstractSchemaPopulator.java:58)
	at org.hibernate.tool.schema.internal.SchemaCreatorImpl.performCreation(SchemaCreatorImpl.java:172)
	at org.hibernate.tool.schema.internal.SchemaCreatorImpl.doCreation(SchemaCreatorImpl.java:130)
	at org.hibernate.tool.schema.internal.SchemaCreatorImpl.doCreation(SchemaCreatorImpl.java:106)
	at org.hibernate.tool.schema.spi.SchemaManagementToolCoordinator.performDatabaseAction(SchemaManagementToolCoordinator.java:237)
	at org.hibernate.tool.schema.spi.SchemaManagementToolCoordinator.lambda$process$5(SchemaManagementToolCoordinator.java:142)
	at java.base/java.util.HashMap.forEach(HashMap.java:1421)
	at org.hibernate.tool.schema.spi.SchemaManagementToolCoordinator.process(SchemaManagementToolCoordinator.java:139)
	at io.quarkus.hibernate.orm.runtime.observers.SessionFactoryObserverForSchemaExport.sessionFactoryCreated(SessionFactoryObserverForSchemaExport.java:21)
	at org.hibernate.internal.SessionFactoryObserverChain.sessionFactoryCreated(SessionFactoryObserverChain.java:33)
	at org.hibernate.internal.SessionFactoryImpl.<init>(SessionFactoryImpl.java:350)
	at io.quarkus.hibernate.orm.runtime.boot.FastBootEntityManagerFactoryBuilder.build(FastBootEntityManagerFactoryBuilder.java:97)
	at io.quarkus.hibernate.orm.runtime.FastBootHibernatePersistenceProvider.createEntityManagerFactory(FastBootHibernatePersistenceProvider.java:74)
	at jakarta.persistence.Persistence.createEntityManagerFactory(Persistence.java:90)
	at jakarta.persistence.Persistence.createEntityManagerFactory(Persistence.java:66)
	at io.quarkus.hibernate.orm.runtime.JPAConfig$LazyPersistenceUnit.get(JPAConfig.java:165)
	at io.quarkus.hibernate.orm.runtime.JPAConfig$1.run(JPAConfig.java:61)
	at java.base/java.lang.Thread.run(Thread.java:840)
Caused by: org.h2.jdbc.JdbcSQLSyntaxErrorException: Table "PRODUTO" not found; SQL statement:
INSERT INTO PRODUTO (CO_PRODUTO, NO_PRODUTO, PC_TAXA_JUROS, NU_MINIMO_MESES, NU_MAXIMO_MESES, VR_MINIMO, VR_MAXIMO) VALUES (4, 'Produto 4', 0.015100000, 96, null, 1000000.01, null) [42102-230]
	at org.h2.message.DbException.getJdbcSQLException(DbException.java:514)
	at org.h2.message.DbException.getJdbcSQLException(DbException.java:489)
	at org.h2.message.DbException.get(DbException.java:223)
	at org.h2.message.DbException.get(DbException.java:199)
	at org.h2.command.Parser.getTableOrViewNotFoundDbException(Parser.java:7944)
	at org.h2.command.Parser.getTableOrViewNotFoundDbException(Parser.java:7915)
	at org.h2.command.Parser.readTableOrView(Parser.java:7894)
	at org.h2.command.Parser.readTableOrView(Parser.java:7856)
	at org.h2.command.Parser.parseInsert(Parser.java:1520)
	at org.h2.command.Parser.parsePrepared(Parser.java:697)
	at org.h2.command.Parser.parse(Parser.java:580)
	at org.h2.command.Parser.parse(Parser.java:555)
	at org.h2.command.Parser.prepareCommand(Parser.java:484)
	at org.h2.engine.SessionLocal.prepareLocal(SessionLocal.java:644)
	at org.h2.engine.SessionLocal.prepareCommand(SessionLocal.java:560)
	at org.h2.jdbc.JdbcConnection.prepareCommand(JdbcConnection.java:1164)
	at org.h2.jdbc.JdbcStatement.executeInternal(JdbcStatement.java:245)
	at org.h2.jdbc.JdbcStatement.execute(JdbcStatement.java:231)
	at io.agroal.pool.wrapper.StatementWrapper.execute(StatementWrapper.java:220)
	at org.hibernate.tool.schema.internal.exec.GenerationTargetToDatabase.accept(GenerationTargetToDatabase.java:79)
	... 21 more

2025-08-24 22:27:33,221 silver-aspire-f5-573g /usr/lib/jvm/java-17-openjdk-amd64/bin/java[36511] DEBUG [org.hib.SQL] (JPA Startup Thread: produtos) drop table dbo.PRODUTO
2025-08-24 22:27:33,249 silver-aspire-f5-573g /usr/lib/jvm/java-17-openjdk-amd64/bin/java[36511] DEBUG [org.hib.SQL] (JPA Startup Thread: produtos) create table dbo.PRODUTO (CO_PRODUTO int not null, NU_MAXIMO_MESES smallint, NU_MINIMO_MESES smallint not null, PC_TAXA_JUROS numeric(10,9) not null, VR_MAXIMO numeric(18,2), VR_MINIMO numeric(18,2) not null, NO_PRODUTO varchar(200) not null, primary key (CO_PRODUTO))
2025-08-24 22:27:33,269 silver-aspire-f5-573g /usr/lib/jvm/java-17-openjdk-amd64/bin/java[36511] DEBUG [org.hib.SQL] (JPA Startup Thread: produtos) INSERT INTO PRODUTO (CO_PRODUTO, NO_PRODUTO, PC_TAXA_JUROS, NU_MINIMO_MESES, NU_MAXIMO_MESES, VR_MINIMO, VR_MAXIMO) VALUES (1, 'Produto 1', 0.017900000, 0, 24, 200.00, 10000.00)
2025-08-24 22:27:33,280 silver-aspire-f5-573g /usr/lib/jvm/java-17-openjdk-amd64/bin/java[36511] DEBUG [org.hib.SQL] (JPA Startup Thread: produtos) INSERT INTO PRODUTO (CO_PRODUTO, NO_PRODUTO, PC_TAXA_JUROS, NU_MINIMO_MESES, NU_MAXIMO_MESES, VR_MINIMO, VR_MAXIMO) VALUES (2, 'Produto 2', 0.017500000, 25, 48, 10001.00, 100000.00)
2025-08-24 22:27:33,284 silver-aspire-f5-573g /usr/lib/jvm/java-17-openjdk-amd64/bin/java[36511] DEBUG [org.hib.SQL] (JPA Startup Thread: produtos) INSERT INTO PRODUTO (CO_PRODUTO, NO_PRODUTO, PC_TAXA_JUROS, NU_MINIMO_MESES, NU_MAXIMO_MESES, VR_MINIMO, VR_MAXIMO) VALUES (3, 'Produto 3', 0.018200000, 49, 96, 100000.01, 1000000.00)
2025-08-24 22:27:33,289 silver-aspire-f5-573g /usr/lib/jvm/java-17-openjdk-amd64/bin/java[36511] DEBUG [org.hib.SQL] (JPA Startup Thread: produtos) INSERT INTO PRODUTO (CO_PRODUTO, NO_PRODUTO, PC_TAXA_JUROS, NU_MINIMO_MESES, NU_MAXIMO_MESES, VR_MINIMO, VR_MAXIMO) VALUES (4, 'Produto 4', 0.015100000, 96, null, 1000000.01, null)
2025-08-24 22:27:33,320 silver-aspire-f5-573g /usr/lib/jvm/java-17-openjdk-amd64/bin/java[36511] INFO  [io.quarkus] (Quarkus Main Thread) simulacao-emprestimo 1.0.0-SNAPSHOT on JVM (powered by Quarkus 3.25.3) started in 3.506s. Listening on: http://localhost:8080
2025-08-24 22:27:33,320 silver-aspire-f5-573g /usr/lib/jvm/java-17-openjdk-amd64/bin/java[36511] INFO  [io.quarkus] (Quarkus Main Thread) Profile dev activated. Live Coding activated.
2025-08-24 22:27:33,321 silver-aspire-f5-573g /usr/lib/jvm/java-17-openjdk-amd64/bin/java[36511] INFO  [io.quarkus] (Quarkus Main Thread) Installed features: [agroal, cache, cdi, compose, flyway, hibernate-orm, hibernate-orm-panache, hibernate-validator, jdbc-h2, jdbc-mssql, narayana-jta, rest, rest-jackson, smallrye-context-propagation, smallrye-health, smallrye-openapi, swagger-ui, vertx]
2025-08-24 22:27:33,322 silver-aspire-f5-573g /usr/lib/jvm/java-17-openjdk-amd64/bin/java[36511] INFO  [io.qua.dep.dev.RuntimeUpdatesProcessor] (vert.x-worker-thread-1) Live reload total time: 5.297s 
2025-08-24 22:27:33,323 silver-aspire-f5-573g /usr/lib/jvm/java-17-openjdk-amd64/bin/java[36511] INFO  [io.qua.dep.dev.RuntimeUpdatesProcessor] (vert.x-worker-thread-1) Live reload took more than 4 seconds, you may want to enable instrumentation based reload (quarkus.live-reload.instrumentation=true). This allows small changes to take effect without restarting Quarkus.
2025-08-24 22:27:33,330 silver-aspire-f5-573g /usr/lib/jvm/java-17-openjdk-amd64/bin/java[36511] INFO  [emp.v1.res.SimulacaoResource] (executor-thread-1) [requestId=7c568759-a0f8-4fec-81ec-5915b5153d8d] Buscando parcela específica - SimulacaoId: 1, Tipo: sac, ParcelaId: 3
2025-08-24 22:27:33,336 silver-aspire-f5-573g /usr/lib/jvm/java-17-openjdk-amd64/bin/java[36511] INFO  [emp.v1.dom.ser.ErrorHandlingService] (executor-thread-1) [requestId=7c568759-a0f8-4fec-81ec-5915b5153d8d] Buscando parcela específica - SimulacaoId: 1, Tipo: sac, ParcelaId: 3
2025-08-24 22:27:33,338 silver-aspire-f5-573g /usr/lib/jvm/java-17-openjdk-amd64/bin/java[36511] DEBUG [org.hib.SQL] (executor-thread-1) select s1_0.id,s1_0.dataSimulacao,s1_0.prazo,s1_0.taxaMediaJuros,s1_0.valorDesejado,s1_0.valorMedioPrestacao,s1_0.valorTotalCredito,s1_0.valorTotalDesejado from simulacao s1_0 where s1_0.id=?
2025-08-24 22:27:33,343 silver-aspire-f5-573g /usr/lib/jvm/java-17-openjdk-amd64/bin/java[36511] INFO  [emp.v1.dom.ser.ErrorHandlingService] (executor-thread-1) [requestId=7c568759-a0f8-4fec-81ec-5915b5153d8d] Simulação não encontrada para ID: 1
2025-08-24 22:27:33,345 silver-aspire-f5-573g /usr/lib/jvm/java-17-openjdk-amd64/bin/java[36511] WARN  [emp.v1.res.exc.SimulacaoExceptionMapper] (executor-thread-1) Exceção de simulação capturada: Simulação não encontrada - Não foi encontrada simulação com ID: 1
2025-08-24 22:27:35,982 silver-aspire-f5-573g /usr/lib/jvm/java-17-openjdk-amd64/bin/java[36511] INFO  [emp.v1.res.SimulacaoResource] (executor-thread-1) [requestId=89ef63f2-a67c-428b-8a30-136799867992] Iniciando criação de simulação - Valor: 900, Prazo: 5 meses
2025-08-24 22:27:35,985 silver-aspire-f5-573g /usr/lib/jvm/java-17-openjdk-amd64/bin/java[36511] DEBUG [org.hib.SQL] (executor-thread-1) select p1_0.CO_PRODUTO,p1_0.NO_PRODUTO,p1_0.NU_MAXIMO_MESES,p1_0.NU_MINIMO_MESES,p1_0.PC_TAXA_JUROS,p1_0.VR_MAXIMO,p1_0.VR_MINIMO from dbo.PRODUTO p1_0
2025-08-24 22:27:35,999 silver-aspire-f5-573g /usr/lib/jvm/java-17-openjdk-amd64/bin/java[36511] DEBUG [org.hib.SQL] (executor-thread-1) insert into simulacao (dataSimulacao,prazo,taxaMediaJuros,valorDesejado,valorMedioPrestacao,valorTotalCredito,valorTotalDesejado,id) values (?,?,?,?,?,?,?,default)
2025-08-24 22:27:36,009 silver-aspire-f5-573g /usr/lib/jvm/java-17-openjdk-amd64/bin/java[36511] INFO  [emp.v1.ser.EventHubService] (executor-thread-1) [EventHub] Inicializando EventHubService com hubName='simulacoes' e connectionString='Endpoint=s*************************************************************************************************************************************************'
2025-08-24 22:27:36,010 silver-aspire-f5-573g /usr/lib/jvm/java-17-openjdk-amd64/bin/java[36511] INFO  [com.azu.mes.eve.EventHubClientBuilder] (executor-thread-1) {"az.sdk.message":"Emitting a single connection.","connectionId":"MF_c3d135_1756085256010"}
2025-08-24 22:27:36,011 silver-aspire-f5-573g /usr/lib/jvm/java-17-openjdk-amd64/bin/java[36511] INFO  [com.azu.mes.eve.imp.EventHubConnectionProcessor] (executor-thread-1) {"az.sdk.message":"Setting next AMQP channel.","entityPath":"simulacoes"}
2025-08-24 22:27:36,013 silver-aspire-f5-573g /usr/lib/jvm/java-17-openjdk-amd64/bin/java[36511] INFO  [emp.v1.ser.EventHubService] (executor-thread-1) [EventHub] Conectado ao Event Hub 'simulacoes' com sucesso.
2025-08-24 22:27:36,015 silver-aspire-f5-573g /usr/lib/jvm/java-17-openjdk-amd64/bin/java[36511] INFO  [com.azu.cor.amq.imp.ReactorConnection] (executor-thread-1) {"az.sdk.message":"Creating and starting connection.","connectionId":"MF_c3d135_1756085256010","hostName":"eventhack.servicebus.windows.net","port":5671}
2025-08-24 22:27:36,016 silver-aspire-f5-573g /usr/lib/jvm/java-17-openjdk-amd64/bin/java[36511] INFO  [com.azu.cor.amq.imp.ReactorExecutor] (executor-thread-1) {"az.sdk.message":"Starting reactor.","connectionId":"MF_c3d135_1756085256010"}
2025-08-24 22:27:36,017 silver-aspire-f5-573g /usr/lib/jvm/java-17-openjdk-amd64/bin/java[36511] INFO  [com.azu.cor.amq.imp.han.ConnectionHandler] (reactor-executor-2) {"az.sdk.message":"onConnectionInit","connectionId":"MF_c3d135_1756085256010","hostName":"eventhack.servicebus.windows.net","namespace":"eventhack.servicebus.windows.net"}
2025-08-24 22:27:36,018 silver-aspire-f5-573g /usr/lib/jvm/java-17-openjdk-amd64/bin/java[36511] INFO  [com.azu.cor.amq.imp.han.ReactorHandler] (reactor-executor-2) {"az.sdk.message":"reactor.onReactorInit","connectionId":"MF_c3d135_1756085256010"}
2025-08-24 22:27:36,018 silver-aspire-f5-573g /usr/lib/jvm/java-17-openjdk-amd64/bin/java[36511] INFO  [com.azu.cor.amq.imp.han.ConnectionHandler] (reactor-executor-2) {"az.sdk.message":"onConnectionLocalOpen","connectionId":"MF_c3d135_1756085256010","errorCondition":null,"errorDescription":null,"hostName":"eventhack.servicebus.windows.net"}
2025-08-24 22:27:36,019 silver-aspire-f5-573g /usr/lib/jvm/java-17-openjdk-amd64/bin/java[36511] INFO  [com.azu.cor.amq.imp.han.ConnectionHandler] (reactor-executor-2) {"az.sdk.message":"onConnectionBound","connectionId":"MF_c3d135_1756085256010","hostName":"eventhack.servicebus.windows.net","peerDetails":"eventhack.servicebus.windows.net:5671"}
2025-08-24 22:27:36,088 silver-aspire-f5-573g /usr/lib/jvm/java-17-openjdk-amd64/bin/java[36511] INFO  [com.azu.cor.amq.imp.han.ConnectionHandler] (reactor-executor-2) {"az.sdk.message":"onConnectionRemoteOpen","connectionId":"MF_c3d135_1756085256010","hostName":"eventhack.servicebus.windows.net","remoteContainer":"f7d328ace1454d02a3d2ac03ba2ef9d7_G12"}
2025-08-24 22:27:36,089 silver-aspire-f5-573g /usr/lib/jvm/java-17-openjdk-amd64/bin/java[36511] INFO  [com.azu.mes.eve.imp.EventHubConnectionProcessor] (reactor-executor-2) {"az.sdk.message":"Channel is now active.","entityPath":"simulacoes"}
2025-08-24 22:27:36,106 silver-aspire-f5-573g /usr/lib/jvm/java-17-openjdk-amd64/bin/java[36511] INFO  [com.azu.cor.amq.imp.han.SessionHandler] (reactor-executor-2) {"az.sdk.message":"onSessionRemoteOpen","connectionId":"MF_c3d135_1756085256010","sessionName":"simulacoes","sessionIncCapacity":0,"sessionOutgoingWindow":2147483647}
2025-08-24 22:27:36,107 silver-aspire-f5-573g /usr/lib/jvm/java-17-openjdk-amd64/bin/java[36511] INFO  [com.azu.cor.amq.imp.ReactorConnection] (reactor-executor-2) {"az.sdk.message":"Setting CBS channel.","connectionId":"MF_c3d135_1756085256010"}
2025-08-24 22:27:36,117 silver-aspire-f5-573g /usr/lib/jvm/java-17-openjdk-amd64/bin/java[36511] INFO  [com.azu.cor.amq.imp.han.SessionHandler] (reactor-executor-2) {"az.sdk.message":"onSessionRemoteOpen","connectionId":"MF_c3d135_1756085256010","sessionName":"cbs-session","sessionIncCapacity":0,"sessionOutgoingWindow":2147483647}
2025-08-24 22:27:36,118 silver-aspire-f5-573g /usr/lib/jvm/java-17-openjdk-amd64/bin/java[36511] INFO  [com.azu.cor.amq.imp.ReactorConnection] (reactor-executor-2) {"az.sdk.message":"Emitting new response channel.","connectionId":"MF_c3d135_1756085256010","entityPath":"$cbs","linkName":"cbs"}
2025-08-24 22:27:36,118 silver-aspire-f5-573g /usr/lib/jvm/java-17-openjdk-amd64/bin/java[36511] INFO  [com.azu.cor.amq.imp.AmqpChannelProcessor] (reactor-executor-2) {"az.sdk.message":"Setting next AMQP channel.","connectionId":"MF_c3d135_1756085256010","entityPath":"$cbs"}
2025-08-24 22:27:36,119 silver-aspire-f5-573g /usr/lib/jvm/java-17-openjdk-amd64/bin/java[36511] INFO  [com.azu.cor.amq.imp.AmqpChannelProcessor] (reactor-executor-2) {"az.sdk.message":"Next AMQP channel received.","connectionId":"MF_c3d135_1756085256010","entityPath":"$cbs","subscriberId":"un_28d8ea_1756085256108"}
2025-08-24 22:27:36,130 silver-aspire-f5-573g /usr/lib/jvm/java-17-openjdk-amd64/bin/java[36511] INFO  [com.azu.cor.amq.imp.han.SendLinkHandler] (reactor-executor-2) {"az.sdk.message":"onLinkRemoteOpen","connectionId":"MF_c3d135_1756085256010","linkName":"cbs:sender","entityPath":"$cbs","remoteTarget":"Target{address='$cbs', durable=NONE, expiryPolicy=SESSION_END, timeout=0, dynamic=false, dynamicNodeProperties=null, capabilities=null}"}
2025-08-24 22:27:36,131 silver-aspire-f5-573g /usr/lib/jvm/java-17-openjdk-amd64/bin/java[36511] INFO  [com.azu.cor.amq.imp.AmqpChannelProcessor] (reactor-executor-2) {"az.sdk.message":"Channel is now active.","connectionId":"MF_c3d135_1756085256010","entityPath":"$cbs"}
2025-08-24 22:27:36,131 silver-aspire-f5-573g /usr/lib/jvm/java-17-openjdk-amd64/bin/java[36511] INFO  [com.azu.cor.amq.imp.han.ReceiveLinkHandler] (reactor-executor-2) {"az.sdk.message":"onLinkRemoteOpen","connectionId":"MF_c3d135_1756085256010","entityPath":"$cbs","linkName":"cbs:receiver","remoteSource":"Source{address='$cbs', durable=NONE, expiryPolicy=SESSION_END, timeout=0, dynamic=false, dynamicNodeProperties=null, distributionMode=null, filter=null, defaultOutcome=null, outcomes=null, capabilities=null}"}
2025-08-24 22:27:36,142 silver-aspire-f5-573g /usr/lib/jvm/java-17-openjdk-amd64/bin/java[36511] INFO  [com.azu.cor.amq.imp.ActiveClientTokenManager] (reactor-executor-2) {"az.sdk.message":"Scheduling refresh token task.","scopes":"amqp://eventhack.servicebus.windows.net/simulacoes"}
2025-08-24 22:27:36,143 silver-aspire-f5-573g /usr/lib/jvm/java-17-openjdk-amd64/bin/java[36511] INFO  [com.azu.cor.amq.imp.ReactorSession] (reactor-executor-2) {"az.sdk.message":"Creating a new send link.","connectionId":"MF_c3d135_1756085256010","linkName":"simulacoes","sessionName":"simulacoes"}
2025-08-24 22:27:36,159 silver-aspire-f5-573g /usr/lib/jvm/java-17-openjdk-amd64/bin/java[36511] INFO  [com.azu.cor.amq.imp.han.SendLinkHandler] (reactor-executor-2) {"az.sdk.message":"onLinkRemoteOpen","connectionId":"MF_c3d135_1756085256010","linkName":"simulacoes","entityPath":"simulacoes","remoteTarget":"Target{address='simulacoes', durable=NONE, expiryPolicy=SESSION_END, timeout=0, dynamic=false, dynamicNodeProperties=null, capabilities=null}"}
2025-08-24 22:27:36,183 silver-aspire-f5-573g /usr/lib/jvm/java-17-openjdk-amd64/bin/java[36511] INFO  [emp.v1.ser.EventHubService] (executor-thread-1) [EventHub] Mensagem enviada com sucesso.
2025-08-24 22:27:36,184 silver-aspire-f5-573g /usr/lib/jvm/java-17-openjdk-amd64/bin/java[36511] INFO  [emp.v1.dom.ser.ErrorHandlingService] (executor-thread-1) Mensagem enviada ao Event Hub com sucesso
2025-08-24 22:27:36,184 silver-aspire-f5-573g /usr/lib/jvm/java-17-openjdk-amd64/bin/java[36511] INFO  [emp.v1.dom.ser.ErrorHandlingService] (executor-thread-1) [requestId=89ef63f2-a67c-428b-8a30-136799867992] Mensagem enviada ao Event Hub com sucesso na tentativa 1
2025-08-24 22:27:36,185 silver-aspire-f5-573g /usr/lib/jvm/java-17-openjdk-amd64/bin/java[36511] INFO  [emp.v1.res.SimulacaoResource] (executor-thread-1) [requestId=89ef63f2-a67c-428b-8a30-136799867992] Simulação criada com sucesso - SimulacaoId: 1
2025-08-24 22:27:37,348 silver-aspire-f5-573g /usr/lib/jvm/java-17-openjdk-amd64/bin/java[36511] INFO  [emp.v1.res.SimulacaoResource] (executor-thread-1) [requestId=306cd47c-7686-41a8-9e3f-af24d657b9d1] Iniciando criação de simulação - Valor: 900, Prazo: 5 meses
2025-08-24 22:27:37,349 silver-aspire-f5-573g /usr/lib/jvm/java-17-openjdk-amd64/bin/java[36511] DEBUG [org.hib.SQL] (executor-thread-1) insert into simulacao (dataSimulacao,prazo,taxaMediaJuros,valorDesejado,valorMedioPrestacao,valorTotalCredito,valorTotalDesejado,id) values (?,?,?,?,?,?,?,default)
2025-08-24 22:27:37,376 silver-aspire-f5-573g /usr/lib/jvm/java-17-openjdk-amd64/bin/java[36511] INFO  [emp.v1.ser.EventHubService] (executor-thread-1) [EventHub] Mensagem enviada com sucesso.
2025-08-24 22:27:37,377 silver-aspire-f5-573g /usr/lib/jvm/java-17-openjdk-amd64/bin/java[36511] INFO  [emp.v1.dom.ser.ErrorHandlingService] (executor-thread-1) Mensagem enviada ao Event Hub com sucesso
2025-08-24 22:27:37,378 silver-aspire-f5-573g /usr/lib/jvm/java-17-openjdk-amd64/bin/java[36511] INFO  [emp.v1.dom.ser.ErrorHandlingService] (executor-thread-1) [requestId=306cd47c-7686-41a8-9e3f-af24d657b9d1] Mensagem enviada ao Event Hub com sucesso na tentativa 1
2025-08-24 22:27:37,379 silver-aspire-f5-573g /usr/lib/jvm/java-17-openjdk-amd64/bin/java[36511] INFO  [emp.v1.res.SimulacaoResource] (executor-thread-1) [requestId=306cd47c-7686-41a8-9e3f-af24d657b9d1] Simulação criada com sucesso - SimulacaoId: 2
2025-08-24 22:27:39,774 silver-aspire-f5-573g /usr/lib/jvm/java-17-openjdk-amd64/bin/java[36511] INFO  [emp.v1.res.SimulacaoResource] (executor-thread-1) [requestId=c60a3156-b65f-46ed-bc39-7ee8de0f1453] Buscando parcela específica - SimulacaoId: 1, Tipo: sac, ParcelaId: 3
2025-08-24 22:27:39,775 silver-aspire-f5-573g /usr/lib/jvm/java-17-openjdk-amd64/bin/java[36511] INFO  [emp.v1.dom.ser.ErrorHandlingService] (executor-thread-1) [requestId=c60a3156-b65f-46ed-bc39-7ee8de0f1453] Buscando parcela específica - SimulacaoId: 1, Tipo: sac, ParcelaId: 3
2025-08-24 22:27:39,776 silver-aspire-f5-573g /usr/lib/jvm/java-17-openjdk-amd64/bin/java[36511] DEBUG [org.hib.SQL] (executor-thread-1) select s1_0.id,s1_0.dataSimulacao,s1_0.prazo,s1_0.taxaMediaJuros,s1_0.valorDesejado,s1_0.valorMedioPrestacao,s1_0.valorTotalCredito,s1_0.valorTotalDesejado from simulacao s1_0 where s1_0.id=?
2025-08-24 22:27:39,780 silver-aspire-f5-573g /usr/lib/jvm/java-17-openjdk-amd64/bin/java[36511] INFO  [emp.v1.dom.ser.ErrorHandlingService] (executor-thread-1) [requestId=c60a3156-b65f-46ed-bc39-7ee8de0f1453] Parcela específica encontrada com sucesso - SimulacaoId: 1, Tipo: SAC, Parcela: 3
2025-08-24 22:27:39,781 silver-aspire-f5-573g /usr/lib/jvm/java-17-openjdk-amd64/bin/java[36511] INFO  [emp.v1.res.SimulacaoResource] (executor-thread-1) [requestId=c60a3156-b65f-46ed-bc39-7ee8de0f1453] Parcela específica encontrada - SimulacaoId: 1, Tipo: sac, Parcela: 3, Valor: R$ 180.81
